c:\local\bonanza\bonanza_usi\client\x64\release\vc141.pdb
c:\local\bonanza\bonanza_usi\client\x64\release\learn1.obj
c:\local\bonanza\bonanza_usi\client\x64\release\iterate.obj
c:\local\bonanza\bonanza_usi\client\x64\release\io.obj
c:\local\bonanza\bonanza_usi\client\x64\release\ini.obj
c:\local\bonanza\bonanza_usi\client\x64\release\hash.obj
c:\local\bonanza\bonanza_usi\client\x64\release\gennocap.obj
c:\local\bonanza\bonanza_usi\client\x64\release\genevasn.obj
c:\local\bonanza\bonanza_usi\client\x64\release\gendrop.obj
c:\local\bonanza\bonanza_usi\client\x64\release\genchk.obj
c:\local\bonanza\bonanza_usi\client\x64\release\gencap.obj
c:\local\bonanza\bonanza_usi\client\x64\release\evaluate.obj
c:\local\bonanza\bonanza_usi\client\x64\release\evaldiff.obj
c:\local\bonanza\bonanza_usi\client\x64\release\dfpnhash.obj
c:\local\bonanza\bonanza_usi\client\x64\release\dfpn.obj
c:\local\bonanza\bonanza_usi\client\x64\release\debug.obj
c:\local\bonanza\bonanza_usi\client\x64\release\data.obj
c:\local\bonanza\bonanza_usi\client\x64\release\csa.obj
c:\local\bonanza\bonanza_usi\client\x64\release\book.obj
c:\local\bonanza\bonanza_usi\client\x64\release\bitop.obj
c:\local\bonanza\bonanza_usi\client\x64\release\attack.obj
c:\local\bonanza\bonanza_usi\client\x64\release\time.obj
c:\local\bonanza\bonanza_usi\client\x64\release\thread.obj
c:\local\bonanza\bonanza_usi\client\x64\release\swap.obj
c:\local\bonanza\bonanza_usi\client\x64\release\searchr.obj
c:\local\bonanza\bonanza_usi\client\x64\release\search.obj
c:\local\bonanza\bonanza_usi\client\x64\release\sckt.obj
c:\local\bonanza\bonanza_usi\client\x64\release\root.obj
c:\local\bonanza\bonanza_usi\client\x64\release\rand.obj
c:\local\bonanza\bonanza_usi\client\x64\release\quiesrch.obj
c:\local\bonanza\bonanza_usi\client\x64\release\proce.obj
c:\local\bonanza\bonanza_usi\client\x64\release\problem.obj
c:\local\bonanza\bonanza_usi\client\x64\release\ponder.obj
c:\local\bonanza\bonanza_usi\client\x64\release\phash.obj
c:\local\bonanza\bonanza_usi\client\x64\release\next.obj
c:\local\bonanza\bonanza_usi\client\x64\release\movgenex.obj
c:\local\bonanza\bonanza_usi\client\x64\release\mate3.obj
c:\local\bonanza\bonanza_usi\client\x64\release\mate1ply.obj
c:\local\bonanza\bonanza_usi\client\x64\release\makemove.obj
c:\local\bonanza\bonanza_usi\client\x64\release\main.obj
c:\local\bonanza\bonanza_usi\client\x64\release\learn2.obj
c:\local\bonanza\bonanza_usi\client\x64\release\valid.obj
c:\local\bonanza\bonanza_usi\client\x64\release\utility.obj
c:\local\bonanza\bonanza_usi\client\x64\release\unmake.obj
c:\local\bonanza\bonanza_usi\client\x64\release\bonanza_usi_x64.exe
c:\local\bonanza\bonanza_usi\client\x64\release\bonanza_usi.pdb
c:\local\bonanza\bonanza_usi\client\x64\release\bonanza.res
c:\local\bonanza\bonanza_usi\client\x64\release\bonanza_usi.tlog\cl.command.1.tlog
c:\local\bonanza\bonanza_usi\client\x64\release\bonanza_usi.tlog\cl.read.1.tlog
c:\local\bonanza\bonanza_usi\client\x64\release\bonanza_usi.tlog\cl.write.1.tlog
c:\local\bonanza\bonanza_usi\client\x64\release\bonanza_usi.tlog\link.command.1.tlog
c:\local\bonanza\bonanza_usi\client\x64\release\bonanza_usi.tlog\link.read.1.tlog
c:\local\bonanza\bonanza_usi\client\x64\release\bonanza_usi.tlog\link.write.1.tlog
c:\local\bonanza\bonanza_usi\client\x64\release\bonanza_usi.tlog\rc.command.1.tlog
c:\local\bonanza\bonanza_usi\client\x64\release\bonanza_usi.tlog\rc.read.1.tlog
c:\local\bonanza\bonanza_usi\client\x64\release\bonanza_usi.tlog\rc.write.1.tlog
